\BOOKMARK [1][-]{section.1}{\376\377\000I\000N\000T\000R\000O\000D\000U\000\307\000\303\000O}{}% 1
\BOOKMARK [2][-]{subsection.1.1}{\376\377\000O\000b\000j\000e\000t\000i\000v\000o\000\040\000G\000e\000r\000a\000l}{section.1}% 2
\BOOKMARK [2][-]{subsection.1.2}{\376\377\000O\000b\000j\000e\000t\000i\000v\000o\000s\000\040\000E\000s\000p\000e\000c\000\355\000f\000i\000c\000o\000s}{section.1}% 3
\BOOKMARK [2][-]{subsection.1.3}{\376\377\000H\000i\000p\000\363\000t\000e\000s\000e}{section.1}% 4
\BOOKMARK [3][-]{subsubsection.1.3.1}{\376\377\000H\000i\000p\000\363\000t\000e\000s\000e\000\040\000P\000r\000i\000n\000c\000i\000p\000a\000l}{subsection.1.3}% 5
\BOOKMARK [3][-]{subsubsection.1.3.2}{\376\377\000H\000i\000p\000\363\000t\000e\000s\000e\000s\000\040\000S\000e\000c\000u\000n\000d\000\341\000r\000i\000a\000s}{subsection.1.3}% 6
\BOOKMARK [3][-]{subsubsection.1.3.3}{\376\377\000C\000r\000i\000t\000\351\000r\000i\000o\000s\000\040\000d\000e\000\040\000V\000a\000l\000i\000d\000a\000\347\000\343\000o}{subsection.1.3}% 7
\BOOKMARK [1][-]{section.2}{\376\377\000J\000U\000S\000T\000I\000F\000I\000C\000A\000T\000I\000V\000A}{}% 8
\BOOKMARK [1][-]{section.3}{\376\377\000R\000E\000F\000E\000R\000E\000N\000C\000I\000A\000L\000\040\000T\000E\000\323\000R\000I\000C\000O}{}% 9
\BOOKMARK [2][-]{subsection.3.1}{\376\377\000A\000p\000r\000e\000n\000d\000i\000z\000a\000g\000e\000m\000\040\000B\000a\000s\000e\000a\000d\000a\000\040\000e\000m\000\040\000P\000r\000o\000j\000e\000t\000o\000s\000\040\000\050\000P\000B\000L\000\051}{section.3}% 10
\BOOKMARK [2][-]{subsection.3.2}{\376\377\000G\000\352\000m\000e\000o\000s\000\040\000D\000i\000g\000i\000t\000a\000i\000s\000\040\000\050\000D\000i\000g\000i\000t\000a\000l\000\040\000T\000w\000i\000n\000s\000\051}{section.3}% 11
\BOOKMARK [2][-]{subsection.3.3}{\376\377\000I\000n\000t\000e\000g\000r\000a\000\347\000\343\000o\000\040\000d\000e\000\040\000P\000B\000L\000\040\000e\000\040\000G\000\352\000m\000e\000o\000s\000\040\000D\000i\000g\000i\000t\000a\000i\000s}{section.3}% 12
\BOOKMARK [3][-]{subsubsection.3.3.1}{\376\377\000M\000o\000d\000e\000l\000o\000\040\000d\000e\000\040\000P\000B\000L\000\040\000d\000e\000\040\000R\000e\000f\000e\000r\000\352\000n\000c\000i\000a\000:\000\040\000I\000n\000t\000e\000l\000i\000\040\000e\000\040\000a\000\040\000A\000p\000l\000i\000c\000a\000\347\000\343\000o\000\040\000P\000r\000\341\000t\000i\000c\000a\000\040\000d\000e\000\040\000P\000B\000L}{subsection.3.3}% 13
\BOOKMARK [1][-]{section.4}{\376\377\000M\000E\000T\000O\000D\000O\000L\000O\000G\000I\000A}{}% 14
\BOOKMARK [2][-]{subsection.4.1}{\376\377\000A\000b\000o\000r\000d\000a\000g\000e\000m\000\040\000M\000e\000t\000o\000d\000o\000l\000\363\000g\000i\000c\000a\000\040\000G\000e\000r\000a\000l}{section.4}% 15
\BOOKMARK [3][-]{subsubsection.4.1.1}{\376\377\000D\000e\000s\000i\000g\000n\000\040\000S\000c\000i\000e\000n\000c\000e\000\040\000R\000e\000s\000e\000a\000r\000c\000h\000\040\000c\000o\000m\000o\000\040\000F\000r\000a\000m\000e\000w\000o\000r\000k\000\040\000P\000r\000i\000n\000c\000i\000p\000a\000l}{subsection.4.1}% 16
\BOOKMARK [3][-]{subsubsection.4.1.2}{\376\377\000N\000a\000t\000u\000r\000e\000z\000a\000\040\000d\000a\000\040\000P\000e\000s\000q\000u\000i\000s\000a}{subsection.4.1}% 17
\BOOKMARK [2][-]{subsection.4.2}{\376\377\000F\000a\000s\000e\000s\000\040\000d\000a\000\040\000P\000e\000s\000q\000u\000i\000s\000a}{section.4}% 18
\BOOKMARK [3][-]{subsubsection.4.2.1}{\376\377\000F\000a\000s\000e\000\040\0001\000:\000\040\000P\000e\000s\000q\000u\000i\000s\000a\000\040\000E\000x\000p\000l\000o\000r\000a\000t\000\363\000r\000i\000a\000\040\000e\000\040\000F\000u\000n\000d\000a\000m\000e\000n\000t\000a\000\347\000\343\000o\000\040\000T\000e\000\363\000r\000i\000c\000a}{subsection.4.2}% 19
\BOOKMARK [3][-]{subsubsection.4.2.2}{\376\377\000F\000a\000s\000e\000\040\0002\000:\000\040\000D\000e\000s\000i\000g\000n\000\040\000e\000\040\000D\000e\000s\000e\000n\000v\000o\000l\000v\000i\000m\000e\000n\000t\000o\000\040\000d\000o\000\040\000M\000o\000d\000e\000l\000o}{subsection.4.2}% 20
\BOOKMARK [3][-]{subsubsection.4.2.3}{\376\377\000F\000a\000s\000e\000\040\0003\000:\000\040\000C\000a\000s\000e\000\040\000d\000e\000\040\000E\000s\000t\000u\000d\000o}{subsection.4.2}% 21
\BOOKMARK [3][-]{subsubsection.4.2.4}{\376\377\000F\000a\000s\000e\000\040\0004\000:\000\040\000A\000v\000a\000l\000i\000a\000\347\000\343\000o\000\040\000e\000\040\000V\000a\000l\000i\000d\000a\000\347\000\343\000o}{subsection.4.2}% 22
\BOOKMARK [2][-]{subsection.4.3}{\376\377\000C\000o\000n\000s\000i\000d\000e\000r\000a\000\347\000\365\000e\000s\000\040\000\311\000t\000i\000c\000a\000s}{section.4}% 23
\BOOKMARK [2][-]{subsection.4.4}{\376\377\000L\000i\000m\000i\000t\000a\000\347\000\365\000e\000s\000\040\000M\000e\000t\000o\000d\000o\000l\000\363\000g\000i\000c\000a\000s}{section.4}% 24
\BOOKMARK [1][-]{section.5}{\376\377\000C\000R\000O\000N\000O\000G\000R\000A\000M\000A}{}% 25
\BOOKMARK [1][-]{section.6}{\376\377\000M\000O\000D\000E\000L\000O\000\040\000P\000R\000O\000P\000O\000S\000T\000O}{}% 26
\BOOKMARK [2][-]{subsection.6.1}{\376\377\000A\000r\000q\000u\000i\000t\000e\000t\000u\000r\000a\000\040\000C\000o\000n\000c\000e\000i\000t\000u\000a\000l\000\040\000d\000o\000\040\000M\000o\000d\000e\000l\000o}{section.6}% 27
\BOOKMARK [2][-]{subsection.6.2}{\376\377\000C\000o\000m\000p\000o\000n\000e\000n\000t\000e\000s\000\040\000C\000o\000n\000c\000e\000i\000t\000u\000a\000i\000s\000\040\000d\000o\000\040\000M\000o\000d\000e\000l\000o}{section.6}% 28
\BOOKMARK [3][-]{subsubsection.6.2.1}{\376\377\000D\000i\000m\000e\000n\000s\000\343\000o\000\040\000P\000e\000d\000a\000g\000\363\000g\000i\000c\000a}{subsection.6.2}% 29
\BOOKMARK [3][-]{subsubsection.6.2.2}{\376\377\000D\000i\000m\000e\000n\000s\000\343\000o\000\040\000d\000e\000\040\000P\000a\000r\000c\000e\000r\000i\000a\000\040\000E\000x\000t\000e\000r\000n\000a}{subsection.6.2}% 30
\BOOKMARK [3][-]{subsubsection.6.2.3}{\376\377\000D\000i\000m\000e\000n\000s\000\343\000o\000\040\000T\000\351\000c\000n\000i\000c\000a\000\040\000d\000e\000\040\000D\000e\000s\000e\000n\000v\000o\000l\000v\000i\000m\000e\000n\000t\000o}{subsection.6.2}% 31
\BOOKMARK [3][-]{subsubsection.6.2.4}{\376\377\000D\000i\000m\000e\000n\000s\000\343\000o\000\040\000d\000e\000\040\000G\000e\000s\000t\000\343\000o\000\040\000d\000e\000\040\000P\000r\000o\000c\000e\000s\000s\000o\000s}{subsection.6.2}% 32
\BOOKMARK [2][-]{subsection.6.3}{\376\377\000F\000r\000a\000m\000e\000w\000o\000r\000k\000\040\000d\000e\000\040\000A\000v\000a\000l\000i\000a\000\347\000\343\000o\000\040\000M\000u\000l\000t\000i\000d\000i\000m\000e\000n\000s\000i\000o\000n\000a\000l}{section.6}% 33
\BOOKMARK [3][-]{subsubsection.6.3.1}{\376\377\000A\000v\000a\000l\000i\000a\000\347\000\343\000o\000\040\000P\000r\000o\000c\000e\000s\000s\000u\000a\000l\000\040\000C\000o\000n\000t\000\355\000n\000u\000a}{subsection.6.3}% 34
\BOOKMARK [3][-]{subsubsection.6.3.2}{\376\377\000A\000v\000a\000l\000i\000a\000\347\000\343\000o\000\040\000d\000e\000\040\000P\000r\000o\000d\000u\000t\000o}{subsection.6.3}% 35
\BOOKMARK [3][-]{subsubsection.6.3.3}{\376\377\000A\000v\000a\000l\000i\000a\000\347\000\343\000o\000\040\000C\000o\000n\000c\000e\000i\000t\000u\000a\000l}{subsection.6.3}% 36
\BOOKMARK [3][-]{subsubsection.6.3.4}{\376\377\000A\000v\000a\000l\000i\000a\000\347\000\343\000o\000\040\000C\000o\000l\000a\000b\000o\000r\000a\000t\000i\000v\000a}{subsection.6.3}% 37
\BOOKMARK [2][-]{subsection.6.4}{\376\377\000G\000\352\000m\000e\000o\000\040\000D\000i\000g\000i\000t\000a\000l\000\040\000d\000e\000\040\000P\000r\000o\000c\000e\000s\000s\000o\000s\000\040\000e\000\040\000S\000i\000s\000t\000e\000m\000a\000s}{section.6}% 38
\BOOKMARK [3][-]{subsubsection.6.4.1}{\376\377\000G\000\352\000m\000e\000o\000\040\000D\000i\000g\000i\000t\000a\000l\000\040\000d\000e\000\040\000P\000r\000o\000c\000e\000s\000s\000o\000s\000\040\000E\000d\000u\000c\000a\000c\000i\000o\000n\000a\000i\000s}{subsection.6.4}% 39
\BOOKMARK [3][-]{subsubsection.6.4.2}{\376\377\000G\000\352\000m\000e\000o\000\040\000D\000i\000g\000i\000t\000a\000l\000\040\000d\000e\000\040\000S\000i\000s\000t\000e\000m\000a\000s\000\040\000\050\000M\000V\000P\000\051}{subsection.6.4}% 40
\BOOKMARK [2][-]{subsection.6.5}{\376\377\000A\000r\000q\000u\000i\000t\000e\000t\000u\000r\000a\000\040\000I\000n\000t\000e\000g\000r\000a\000d\000a\000\040\000d\000o\000\040\000M\000o\000d\000e\000l\000o}{section.6}% 41
\BOOKMARK [2][-]{subsection.6.6}{\376\377\000V\000i\000s\000\365\000e\000s\000\040\000A\000r\000q\000u\000i\000t\000e\000t\000u\000r\000a\000i\000s\000\040\000I\000n\000t\000e\000g\000r\000a\000d\000a\000s}{section.6}% 42
\BOOKMARK [2][-]{subsection.6.7}{\376\377\000C\000o\000n\000s\000i\000d\000e\000r\000a\000\347\000\365\000e\000s\000\040\000d\000e\000\040\000I\000m\000p\000l\000e\000m\000e\000n\000t\000a\000\347\000\343\000o}{section.6}% 43
\BOOKMARK [3][-]{subsubsection.6.7.1}{\376\377\000A\000b\000o\000r\000d\000a\000g\000e\000m\000\040\000M\000e\000t\000o\000d\000o\000l\000\363\000g\000i\000c\000a\000:\000\040\000C\000a\000s\000e\000\040\000d\000e\000\040\000E\000s\000t\000u\000d\000o\000\040\000e\000\040\000E\000s\000c\000o\000l\000h\000a\000\040\000T\000e\000c\000n\000o\000l\000\363\000g\000i\000c\000a}{subsection.6.7}% 44
\BOOKMARK [1][-]{section.7}{\376\377\000C\000A\000S\000E\000\040\000D\000E\000\040\000E\000S\000T\000U\000D\000O\000:\000\040\000I\000M\000P\000L\000E\000M\000E\000N\000T\000A\000\307\000\303\000O\000\040\000P\000R\000\301\000T\000I\000C\000A\000\040\000D\000O\000\040\000M\000O\000D\000E\000L\000O}{}% 45
\BOOKMARK [2][-]{subsection.7.1}{\376\377\000C\000o\000n\000t\000e\000x\000t\000o\000\040\000d\000o\000\040\000C\000a\000s\000e\000\040\000d\000e\000\040\000E\000s\000t\000u\000d\000o}{section.7}% 46
\BOOKMARK [3][-]{subsubsection.7.1.1}{\376\377\000C\000a\000r\000a\000c\000t\000e\000r\000\355\000s\000t\000i\000c\000a\000s\000\040\000d\000o\000\040\000P\000r\000o\000j\000e\000t\000o}{subsection.7.1}% 47
\BOOKMARK [2][-]{subsection.7.2}{\376\377\000P\000i\000p\000e\000l\000i\000n\000e\000\040\000d\000e\000\040\000I\000m\000p\000l\000e\000m\000e\000n\000t\000a\000\347\000\343\000o\000\040\000d\000o\000\040\000G\000\352\000m\000e\000o\000\040\000D\000i\000g\000i\000t\000a\000l}{section.7}% 48
\BOOKMARK [3][-]{subsubsection.7.2.1}{\376\377\000E\000t\000a\000p\000a\000\040\0001\000:\000\040\000C\000o\000n\000f\000i\000g\000u\000r\000a\000\347\000\343\000o\000\040\000d\000a\000\040\000I\000n\000f\000r\000a\000e\000s\000t\000r\000u\000t\000u\000r\000a\000\040\000d\000e\000\040\000C\000o\000l\000e\000t\000a}{subsection.7.2}% 49
\BOOKMARK [3][-]{subsubsection.7.2.2}{\376\377\000E\000t\000a\000p\000a\000\040\0002\000:\000\040\000P\000r\000o\000c\000e\000s\000s\000a\000m\000e\000n\000t\000o\000\040\000e\000\040\000A\000n\000\341\000l\000i\000s\000e\000\040\000d\000e\000\040\000D\000a\000d\000o\000s}{subsection.7.2}% 50
\BOOKMARK [3][-]{subsubsection.7.2.3}{\376\377\000E\000t\000a\000p\000a\000\040\0003\000:\000\040\000C\000o\000n\000s\000t\000r\000u\000\347\000\343\000o\000\040\000d\000o\000\040\000M\000o\000d\000e\000l\000o\000\040\000V\000i\000r\000t\000u\000a\000l}{subsection.7.2}% 51
\BOOKMARK [3][-]{subsubsection.7.2.4}{\376\377\000E\000t\000a\000p\000a\000\040\0004\000:\000\040\000I\000n\000t\000e\000r\000f\000a\000c\000e\000\040\000e\000\040\000V\000i\000s\000u\000a\000l\000i\000z\000a\000\347\000\343\000o}{subsection.7.2}% 52
\BOOKMARK [3][-]{subsubsection.7.2.5}{\376\377\000E\000t\000a\000p\000a\000\040\0005\000:\000\040\000V\000a\000l\000i\000d\000a\000\347\000\343\000o\000\040\000e\000\040\000R\000e\000f\000i\000n\000a\000m\000e\000n\000t\000o}{subsection.7.2}% 53
\BOOKMARK [2][-]{subsection.7.3}{\376\377\000M\000\351\000t\000r\000i\000c\000a\000s\000\040\000e\000\040\000I\000n\000d\000i\000c\000a\000d\000o\000r\000e\000s\000\040\000d\000e\000\040\000M\000e\000d\000i\000\347\000\343\000o}{section.7}% 54
\BOOKMARK [3][-]{subsubsection.7.3.1}{\376\377\000M\000\351\000t\000r\000i\000c\000a\000s\000\040\000d\000a\000\040\000D\000i\000m\000e\000n\000s\000\343\000o\000\040\000P\000e\000d\000a\000g\000\363\000g\000i\000c\000a}{subsection.7.3}% 55
\BOOKMARK [3][-]{subsubsection.7.3.2}{\376\377\000M\000\351\000t\000r\000i\000c\000a\000s\000\040\000d\000a\000\040\000D\000i\000m\000e\000n\000s\000\343\000o\000\040\000T\000\351\000c\000n\000i\000c\000a}{subsection.7.3}% 56
\BOOKMARK [3][-]{subsubsection.7.3.3}{\376\377\000M\000\351\000t\000r\000i\000c\000a\000s\000\040\000d\000e\000\040\000P\000r\000o\000c\000e\000s\000s\000o\000s\000\040\000\301\000g\000e\000i\000s}{subsection.7.3}% 57
\BOOKMARK [3][-]{subsubsection.7.3.4}{\376\377\000M\000\351\000t\000r\000i\000c\000a\000s\000\040\000d\000e\000\040\000R\000e\000s\000u\000l\000t\000a\000d\000o}{subsection.7.3}% 58
\BOOKMARK [2][-]{subsection.7.4}{\376\377\000V\000a\000l\000i\000d\000a\000\347\000\343\000o\000\040\000d\000a\000s\000\040\000H\000i\000p\000\363\000t\000e\000s\000e\000s\000\040\000a\000t\000r\000a\000v\000\351\000s\000\040\000d\000o\000\040\000C\000a\000s\000e}{section.7}% 59
\BOOKMARK [1][-]{section.8}{\376\377\000R\000E\000S\000U\000L\000T\000A\000D\000O\000S\000\040\000C\000O\000L\000E\000T\000A\000D\000O\000S}{}% 60
\BOOKMARK [2][-]{subsection.8.1}{\376\377\000R\000e\000s\000u\000l\000t\000a\000d\000o\000s\000\040\000d\000a\000\040\000V\000i\000s\000\343\000o\000\040\000E\000s\000t\000r\000u\000t\000u\000r\000a\000l}{section.8}% 61
\BOOKMARK [2][-]{subsection.8.2}{\376\377\000R\000e\000s\000u\000l\000t\000a\000d\000o\000s\000\040\000d\000a\000\040\000V\000i\000s\000\343\000o\000\040\000C\000o\000m\000p\000o\000r\000t\000a\000m\000e\000n\000t\000a\000l}{section.8}% 62
\BOOKMARK [2][-]{subsection.8.3}{\376\377\000R\000e\000s\000u\000l\000t\000a\000d\000o\000s\000\040\000d\000a\000\040\000V\000i\000s\000\343\000o\000\040\000d\000e\000\040\000P\000r\000o\000c\000e\000s\000s\000o}{section.8}% 63
\BOOKMARK [2][-]{subsection.8.4}{\376\377\000V\000a\000l\000i\000d\000a\000\347\000\343\000o\000\040\000d\000a\000s\000\040\000H\000i\000p\000\363\000t\000e\000s\000e\000s}{section.8}% 64
\BOOKMARK [2][-]{subsection.8.5}{\376\377\000A\000n\000\341\000l\000i\000s\000e\000\040\000C\000o\000m\000p\000a\000r\000a\000t\000i\000v\000a}{section.8}% 65
\BOOKMARK [1][-]{section.9}{\376\377\000C\000O\000N\000S\000I\000D\000E\000R\000A\000\307\000\325\000E\000S\000\040\000F\000I\000N\000A\000I\000S}{}% 66
\BOOKMARK [2][-]{subsection.9.1}{\376\377\000P\000r\000i\000n\000c\000i\000p\000a\000i\000s\000\040\000C\000o\000n\000t\000r\000i\000b\000u\000i\000\347\000\365\000e\000s}{section.9}% 67
\BOOKMARK [2][-]{subsection.9.2}{\376\377\000L\000i\000m\000i\000t\000a\000\347\000\365\000e\000s\000\040\000d\000a\000\040\000P\000e\000s\000q\000u\000i\000s\000a}{section.9}% 68
\BOOKMARK [2][-]{subsection.9.3}{\376\377\000T\000r\000a\000b\000a\000l\000h\000o\000s\000\040\000F\000u\000t\000u\000r\000o\000s}{section.9}% 69
\BOOKMARK [2][-]{subsection.9.4}{\376\377\000I\000m\000p\000l\000i\000c\000a\000\347\000\365\000e\000s\000\040\000p\000a\000r\000a\000\040\000a\000\040\000P\000r\000\341\000t\000i\000c\000a\000\040\000E\000d\000u\000c\000a\000c\000i\000o\000n\000a\000l}{section.9}% 70
\BOOKMARK [1][-]{section*.2}{\376\377\000R\000E\000F\000E\000R\000\312\000N\000C\000I\000A\000S\000\040\000B\000I\000B\000L\000I\000O\000G\000R\000\301\000F\000I\000C\000A\000S}{}% 71
